[     528ms] [INFO] %cDownload the React DevTools for a better development experience: https://react.dev/link/react-devtools font-weight:bold @ http://localhost:3000/_next/static/chunks/0-42_next_dist_02wugq6._.js:2431
[     543ms] [LOG] [HMR] connected @ http://localhost:3000/_next/static/chunks/0-42_next_dist_02wugq6._.js:2431
[     652ms] [WARNING] Image with src "/images/profile-picture/seb-la-frite.webp" has "fill" but is missing "sizes" prop. Please add it to improve page performance. Read more: https://nextjs.org/docs/api-reference/next/image#sizes @ http://localhost:3000/_next/static/chunks/0-42_next_dist_02wugq6._.js:2431
[     653ms] [WARNING] Image with src "/images/profile-picture/ludoc-hudson.webp" has "fill" but is missing "sizes" prop. Please add it to improve page performance. Read more: https://nextjs.org/docs/api-reference/next/image#sizes @ http://localhost:3000/_next/static/chunks/0-42_next_dist_02wugq6._.js:2431
[     653ms] [WARNING] Image with src "/images/profile-picture/yomi-denzel.webp" has "fill" but is missing "sizes" prop. Please add it to improve page performance. Read more: https://nextjs.org/docs/api-reference/next/image#sizes @ http://localhost:3000/_next/static/chunks/0-42_next_dist_02wugq6._.js:2431
[     654ms] [WARNING] Image with src "/images/profile-picture/just-riadh.webp" has "fill" but is missing "sizes" prop. Please add it to improve page performance. Read more: https://nextjs.org/docs/api-reference/next/image#sizes @ http://localhost:3000/_next/static/chunks/0-42_next_dist_02wugq6._.js:2431
[     655ms] [WARNING] Image with src "/images/profile-picture/terracid.webp" has "fill" but is missing "sizes" prop. Please add it to improve page performance. Read more: https://nextjs.org/docs/api-reference/next/image#sizes @ http://localhost:3000/_next/static/chunks/0-42_next_dist_02wugq6._.js:2431
[     655ms] [WARNING] Image with src "/images/profile-picture/laink-pic.webp" has "fill" but is missing "sizes" prop. Please add it to improve page performance. Read more: https://nextjs.org/docs/api-reference/next/image#sizes @ http://localhost:3000/_next/static/chunks/0-42_next_dist_02wugq6._.js:2431
[     655ms] [WARNING] Image with src "/images/profile-picture/frere-lebrun.webp" has "fill" but is missing "sizes" prop. Please add it to improve page performance. Read more: https://nextjs.org/docs/api-reference/next/image#sizes @ http://localhost:3000/_next/static/chunks/0-42_next_dist_02wugq6._.js:2431
[     656ms] [WARNING] Image with src "/images/profile-picture/sofyan.webp" has "fill" but is missing "sizes" prop. Please add it to improve page performance. Read more: https://nextjs.org/docs/api-reference/next/image#sizes @ http://localhost:3000/_next/static/chunks/0-42_next_dist_02wugq6._.js:2431
[     656ms] [WARNING] Image with src "/images/profile-picture/maxime-click.webp" has "fill" but is missing "sizes" prop. Please add it to improve page performance. Read more: https://nextjs.org/docs/api-reference/next/image#sizes @ http://localhost:3000/_next/static/chunks/0-42_next_dist_02wugq6._.js:2431
[     657ms] [WARNING] Image with src "/images/profile-picture/bruno-maltor.webp" has "fill" but is missing "sizes" prop. Please add it to improve page performance. Read more: https://nextjs.org/docs/api-reference/next/image#sizes @ http://localhost:3000/_next/static/chunks/0-42_next_dist_02wugq6._.js:2431
[     657ms] [WARNING] Image with src "/images/profile-picture/hugo-decrypte.webp" has "fill" but is missing "sizes" prop. Please add it to improve page performance. Read more: https://nextjs.org/docs/api-reference/next/image#sizes @ http://localhost:3000/_next/static/chunks/0-42_next_dist_02wugq6._.js:2431
[     661ms] [WARNING] Image with src "/images/landing-page/the-weekend-clean.webp" has "fill" but is missing "sizes" prop. Please add it to improve page performance. Read more: https://nextjs.org/docs/api-reference/next/image#sizes @ http://localhost:3000/_next/static/chunks/0-42_next_dist_02wugq6._.js:2431
[   60678ms] [WARNING] Image with src "/images/landing-page/structure-qrcode-optimized.webp" has "fill" but is missing "sizes" prop. Please add it to improve page performance. Read more: https://nextjs.org/docs/api-reference/next/image#sizes @ http://localhost:3000/_next/static/chunks/0-42_next_dist_02wugq6._.js:2431
[   60783ms] [WARNING] Image with src "/images/landing-page/structure-deeplink-optimized.webp" has "fill" but is missing "sizes" prop. Please add it to improve page performance. Read more: https://nextjs.org/docs/api-reference/next/image#sizes @ http://localhost:3000/_next/static/chunks/0-42_next_dist_02wugq6._.js:2431
[   60789ms] [WARNING] Image with src "/images/landing-page/structure-domain-personal-optimized.webp" has "fill" but is missing "sizes" prop. Please add it to improve page performance. Read more: https://nextjs.org/docs/api-reference/next/image#sizes @ http://localhost:3000/_next/static/chunks/0-42_next_dist_02wugq6._.js:2431
[   66079ms] [LOG] [Fast Refresh] rebuilding @ http://localhost:3000/_next/static/chunks/0-42_next_dist_02wugq6._.js:2431
[   66087ms] [LOG] [Fast Refresh] done in 108ms @ http://localhost:3000/_next/static/chunks/0-42_next_dist_02wugq6._.js:2431
[   71930ms] [WARNING] Image with src "http://localhost:3000/images/app_logo/tiktok.svg" has either width or height modified, but not the other. If you use CSS to change the size of your image, also include the styles 'width: "auto"' or 'height: "auto"' to maintain the aspect ratio. @ http://localhost:3000/_next/static/chunks/0-42_next_dist_02wugq6._.js:2431
[   71932ms] [WARNING] Image with src "http://localhost:3000/images/app_logo/youtubemusic.svg" has either width or height modified, but not the other. If you use CSS to change the size of your image, also include the styles 'width: "auto"' or 'height: "auto"' to maintain the aspect ratio. @ http://localhost:3000/_next/static/chunks/0-42_next_dist_02wugq6._.js:2431
[   71939ms] [WARNING] Image with src "http://localhost:3000/images/app_logo/spotify.svg" has either width or height modified, but not the other. If you use CSS to change the size of your image, also include the styles 'width: "auto"' or 'height: "auto"' to maintain the aspect ratio. @ http://localhost:3000/_next/static/chunks/0-42_next_dist_02wugq6._.js:2431
[   71948ms] [WARNING] Image with src "http://localhost:3000/images/app_logo/whatsapp.svg" has either width or height modified, but not the other. If you use CSS to change the size of your image, also include the styles 'width: "auto"' or 'height: "auto"' to maintain the aspect ratio. @ http://localhost:3000/_next/static/chunks/0-42_next_dist_02wugq6._.js:2431
[   71949ms] [WARNING] Image with src "http://localhost:3000/images/app_logo/applemusic.svg" has either width or height modified, but not the other. If you use CSS to change the size of your image, also include the styles 'width: "auto"' or 'height: "auto"' to maintain the aspect ratio. @ http://localhost:3000/_next/static/chunks/0-42_next_dist_02wugq6._.js:2431
[   71957ms] [WARNING] Image with src "http://localhost:3000/images/app_logo/facebook.svg" has either width or height modified, but not the other. If you use CSS to change the size of your image, also include the styles 'width: "auto"' or 'height: "auto"' to maintain the aspect ratio. @ http://localhost:3000/_next/static/chunks/0-42_next_dist_02wugq6._.js:2431
[   71980ms] [WARNING] Image with src "http://localhost:3000/images/app_logo/linkedin.svg" has either width or height modified, but not the other. If you use CSS to change the size of your image, also include the styles 'width: "auto"' or 'height: "auto"' to maintain the aspect ratio. @ http://localhost:3000/_next/static/chunks/0-42_next_dist_02wugq6._.js:2431
[   71989ms] [WARNING] Image with src "http://localhost:3000/images/app_logo/airbnb.svg" has either width or height modified, but not the other. If you use CSS to change the size of your image, also include the styles 'width: "auto"' or 'height: "auto"' to maintain the aspect ratio. @ http://localhost:3000/_next/static/chunks/0-42_next_dist_02wugq6._.js:2431
[   71999ms] [WARNING] Image with src "http://localhost:3000/images/app_logo/googlesheets.svg" has either width or height modified, but not the other. If you use CSS to change the size of your image, also include the styles 'width: "auto"' or 'height: "auto"' to maintain the aspect ratio. @ http://localhost:3000/_next/static/chunks/0-42_next_dist_02wugq6._.js:2431
[   72005ms] [WARNING] Image with src "http://localhost:3000/images/app_logo/eventbrite.svg" has either width or height modified, but not the other. If you use CSS to change the size of your image, also include the styles 'width: "auto"' or 'height: "auto"' to maintain the aspect ratio. @ http://localhost:3000/_next/static/chunks/0-42_next_dist_02wugq6._.js:2431
[   72035ms] [WARNING] Image with src "/images/landing-page/avantages/engagement-2.webp" has "fill" but is missing "sizes" prop. Please add it to improve page performance. Read more: https://nextjs.org/docs/api-reference/next/image#sizes @ http://localhost:3000/_next/static/chunks/0-42_next_dist_02wugq6._.js:2431
[   72037ms] [WARNING] Image with src "/images/landing-page/avantages/engagement-1.webp" has "fill" but is missing "sizes" prop. Please add it to improve page performance. Read more: https://nextjs.org/docs/api-reference/next/image#sizes @ http://localhost:3000/_next/static/chunks/0-42_next_dist_02wugq6._.js:2431
[   72260ms] [WARNING] Image with src "/images/landing-page/avantages/engagement-3.webp" has "fill" but is missing "sizes" prop. Please add it to improve page performance. Read more: https://nextjs.org/docs/api-reference/next/image#sizes @ http://localhost:3000/_next/static/chunks/0-42_next_dist_02wugq6._.js:2431
[   72281ms] [WARNING] Image with src "/images/landing-page/avantages/one-link.webp" has "fill" but is missing "sizes" prop. Please add it to improve page performance. Read more: https://nextjs.org/docs/api-reference/next/image#sizes @ http://localhost:3000/_next/static/chunks/0-42_next_dist_02wugq6._.js:2431
[   72294ms] [WARNING] Image with src "/images/landing-page/structure-domain-personal.webp" has "fill" but is missing "sizes" prop. Please add it to improve page performance. Read more: https://nextjs.org/docs/api-reference/next/image#sizes @ http://localhost:3000/_next/static/chunks/0-42_next_dist_02wugq6._.js:2431
[   72331ms] [WARNING] Image with src "/images/landing-page/avantages/click-track.webp" has "fill" but is missing "sizes" prop. Please add it to improve page performance. Read more: https://nextjs.org/docs/api-reference/next/image#sizes @ http://localhost:3000/_next/static/chunks/0-42_next_dist_02wugq6._.js:2431
[   72364ms] [WARNING] Image with src "http://localhost:3000/images/app_logo/yelp.svg" has either width or height modified, but not the other. If you use CSS to change the size of your image, also include the styles 'width: "auto"' or 'height: "auto"' to maintain the aspect ratio. @ http://localhost:3000/_next/static/chunks/0-42_next_dist_02wugq6._.js:2431
[   72446ms] [WARNING] Image with src "/images/landing-page/stack-replace.webp" has "fill" but is missing "sizes" prop. Please add it to improve page performance. Read more: https://nextjs.org/docs/api-reference/next/image#sizes @ http://localhost:3000/_next/static/chunks/0-42_next_dist_02wugq6._.js:2431
[   77668ms] [LOG] [Fast Refresh] rebuilding @ http://localhost:3000/_next/static/chunks/0-42_next_dist_02wugq6._.js:2431
[   77703ms] [LOG] [Fast Refresh] done in 136ms @ http://localhost:3000/_next/static/chunks/0-42_next_dist_02wugq6._.js:2431
[  204136ms] [LOG] [Fast Refresh] rebuilding @ http://localhost:3000/_next/static/chunks/0-42_next_dist_02wugq6._.js:2431
[  204162ms] [LOG] [Fast Refresh] done in 58ms @ http://localhost:3000/_next/static/chunks/0-42_next_dist_02wugq6._.js:2431
[  261367ms] [LOG] [Fast Refresh] rebuilding @ http://localhost:3000/_next/static/chunks/0-42_next_dist_02wugq6._.js:2431
[  261392ms] [LOG] [Fast Refresh] done in 126ms @ http://localhost:3000/_next/static/chunks/0-42_next_dist_02wugq6._.js:2431
[ 2006358ms] [LOG] [Fast Refresh] rebuilding @ http://localhost:3000/_next/static/chunks/0-42_next_dist_02wugq6._.js:2431
[ 2006811ms] [LOG] [Fast Refresh] done in 557ms @ http://localhost:3000/_next/static/chunks/0-42_next_dist_02wugq6._.js:2431
