[   17958ms] [ERROR] Access to fetch at 'https://api.rlcdn.com/api/identity/envelope?pid=107&ct=4&cv=CQhudUAQhudUAEsACBFRCYFoAP_gAEPgAAYgLAJB_C7NbSlD-LZ3aLsEcIhHR9hAYsQwAAaBg2ABTBKQpIwCgmEYFAyAFCACCAAAKCTBIQIkCAAAQUAAIAAFAABEAAyAIBAIIAAAgAEIAkBICAACCIAAEQCIAABEAkQAmAgAQIIASEQAgAAAAACBAAAAABCQAACAAAAARAEAAQAAQAAAgQAIiEAAAAAAQBAIAAAAIAAAAAAAAAAAAAAAAAgAAAAAAAAAABAAEAAACQAABBYRIP4XZraUo_xYK7BdghhEK6PsADFiGAADQMGwAKYJSFJGAUkwiQIkQAgQAAQAABASIJAAFAQEACAgAIAACoAAIgAGABAIBAAgAEAAhCEgIAAAAQRAAAiARAAAIgAiAESEACBBACQiAAAAABAAQIBAAAAISAAAAAAAACAAgAAQAGAAAEAABEQgAAAAAAAIBAgAABAAAAAAAAAAAAAAAAAAAAAAAAAAAAAAAAgAAAQAAAIgAA.ILCJB_C7NbSlH-LZ3aLsEcIhXR9hAYsQwAAaBg2ABTBKQpIwCkmEaFEyAFCACCAAAKCTBIQIsCAgAQUABIAAVAABEAAyAIBAIIEAAgAEIQkBICAACCIAAEQCIAABEAkQAmQgAQIIASEQAgAAAIACBAIAAABCQAACAAAAARAEAASAAwAAAgQAIiEAAAAAAQBAIEAAAIAAAAAAAAAAAAAAAAAgAAAAAAAAAABAAEAAACQAABE.f9AAACgAAAA' from origin 'https://www.tellows.fr' has been blocked by CORS policy: No 'Access-Control-Allow-Origin' header is present on the requested resource. @ https://www.tellows.fr/num/%2B33948109063:0
[   17958ms] [ERROR] Failed to load resource: net::ERR_FAILED @ https://api.rlcdn.com/api/identity/envelope?pid=107&ct=4&cv=CQhudUAQhudUAEsACBFRCYFoAP_gAEPgAAYgLAJB_C7NbSlD-LZ3aLsEcIhHR9hAYsQwAAaBg2ABTBKQpIwCgmEYFAyAFCACCAAAKCTBIQIkCAAAQUAAIAAFAABEAAyAIBAIIAAAgAEIAkBICAACCIAAEQCIAABEAkQAmAgAQIIASEQAgAAAAACBAAAAABCQAACAAAAARAEAAQAAQAAAgQAIiEAAAAAAQBAIAAAAIAAAAAAAAAAAAAAAAAgAAAAAAAAAABAAEAAACQAABBYRIP4XZraUo_xYK7BdghhEK6PsADFiGAADQMGwAKYJSFJGAUkwiQIkQAgQAAQAABASIJAAFAQEACAgAIAACoAAIgAGABAIBAAgAEAAhCEgIAAAAQRAAAiARAAAIgAiAESEACBBACQiAAAAABAAQIBAAAAISAAAAAAAACAAgAAQAGAAAEAABEQgAAAAAAAIBAgAABAAAAAAAAAAAAAAAAAAAAAAAAAAAAAAAAgAAAQAAAIgAA.ILCJB_C7NbSlH-LZ3aLsEcIhXR9hAYsQwAAaBg2ABTBKQpIwCkmEaFEyAFCACCAAAKCTBIQIsCAgAQUABIAAVAABEAAyAIBAIIEAAgAEIQkBICAACCIAAEQCIAABEAkQAmQgAQIIASEQAgAAAIACBAIAAABCQAACAAAAARAEAASAAwAAAgQAIiEAAAAAAQBAIEAAAIAAAAAAAAAAAAAAAAAgAAAAAAAAAABAAEAAACQAABE.f9AAACgAAAA:0
[   18268ms] [WARNING] Google Deploy of the SharedId library has been deprecated. Please select another option in the GAM UI. If you use Prebid, we suggest the Prebid.js UserId option. If you do not, you may configure GAM to allow Google to share a first party user identifier with OB and AB participants, which is either the publisherProvidedId or the __gads value when that is missing. @ https://cdn.jsdelivr.net/gh/prebid/shared-id/pubcid.js/docs/pubcid.min.js:0
[   18356ms] [WARNING] [GPT] Using deprecated googletag.encryptedSignalProviders. Please use googletag.secureSignalProviders instead.
https://goo.gle/gpt-message#155 @ https://securepubads.g.doubleclick.net/pagead/managed/js/gpt/m202603190101/pubads_impl.js?cb=31097370:18
[   18498ms] [WARNING] [GPT] Using deprecated googletag.encryptedSignalProviders. Please use googletag.secureSignalProviders instead.
https://goo.gle/gpt-message#155 @ https://securepubads.g.doubleclick.net/pagead/managed/js/gpt/m202603190101/pubads_impl.js?cb=31097370:18
[   18507ms] [WARNING] [GPT] Using deprecated googletag.encryptedSignalProviders. Please use googletag.secureSignalProviders instead.
https://goo.gle/gpt-message#155 @ https://securepubads.g.doubleclick.net/pagead/managed/js/gpt/m202603190101/pubads_impl.js?cb=31097370:18
[   18933ms] [WARNING] [GPT] Using deprecated googletag.encryptedSignalProviders. Please use googletag.secureSignalProviders instead.
https://goo.gle/gpt-message#155 @ https://securepubads.g.doubleclick.net/pagead/managed/js/gpt/m202603190101/pubads_impl.js?cb=31097370:18
[   19337ms] [ERROR] Attestation check for Shared Storage on https://www.googleadservices.com failed. @ https://www.googleadservices.com/pagead/managed/js/activeview/current/reach_worklet.html:0
[   19341ms] [ERROR] Attestation check for Shared Storage on https://www.googleadservices.com failed. @ https://www.googleadservices.com/pagead/managed/js/activeview/current/reach_worklet.html:0
[   19342ms] [ERROR] Attestation check for Shared Storage on https://www.googleadservices.com failed. @ https://www.googleadservices.com/pagead/managed/js/activeview/current/reach_worklet.html:0
[   20249ms] [ERROR] Failed to load resource: net::ERR_NAME_NOT_RESOLVED @ https://cs.lkqd.net/cs?partnerId=59&redirect=https%3A%2F%2Fcm.g.doubleclick.net%2Fpixel%3Fgoogle_nid%3Dlkqd_dbm%26google_hm%3D%24%24rawlkqduserid%7Cbase64%24%24:0
[   19337ms] [ERROR] Attestation check for Shared Storage on https://www.googleadservices.com failed. @ https://www.googleadservices.com/pagead/managed/js/activeview/current/reach_worklet.html:0
[   19341ms] [ERROR] Attestation check for Shared Storage on https://www.googleadservices.com failed. @ https://www.googleadservices.com/pagead/managed/js/activeview/current/reach_worklet.html:0
[   19342ms] [ERROR] Attestation check for Shared Storage on https://www.googleadservices.com failed. @ https://www.googleadservices.com/pagead/managed/js/activeview/current/reach_worklet.html:0
[   20304ms] [ERROR] Attestation check for Shared Storage on https://www.googleadservices.com failed. @ https://www.googleadservices.com/pagead/managed/js/activeview/current/reach_worklet.html:0
[   20249ms] [ERROR] Failed to load resource: net::ERR_NAME_NOT_RESOLVED @ https://cs.lkqd.net/cs?partnerId=59&redirect=https%3A%2F%2Fcm.g.doubleclick.net%2Fpixel%3Fgoogle_nid%3Dlkqd_dbm%26google_hm%3D%24%24rawlkqduserid%7Cbase64%24%24:0
[   19337ms] [ERROR] Attestation check for Shared Storage on https://www.googleadservices.com failed. @ https://www.googleadservices.com/pagead/managed/js/activeview/current/reach_worklet.html:0
[   19341ms] [ERROR] Attestation check for Shared Storage on https://www.googleadservices.com failed. @ https://www.googleadservices.com/pagead/managed/js/activeview/current/reach_worklet.html:0
[   19342ms] [ERROR] Attestation check for Shared Storage on https://www.googleadservices.com failed. @ https://www.googleadservices.com/pagead/managed/js/activeview/current/reach_worklet.html:0
[   20304ms] [ERROR] Attestation check for Shared Storage on https://www.googleadservices.com failed. @ https://www.googleadservices.com/pagead/managed/js/activeview/current/reach_worklet.html:0
[   20984ms] [ERROR] Attestation check for Shared Storage on https://www.googleadservices.com failed. @ https://www.googleadservices.com/pagead/managed/js/activeview/current/reach_worklet.html:0
[   19337ms] [ERROR] Attestation check for Shared Storage on https://www.googleadservices.com failed. @ https://www.googleadservices.com/pagead/managed/js/activeview/current/reach_worklet.html:0
[   19341ms] [ERROR] Attestation check for Shared Storage on https://www.googleadservices.com failed. @ https://www.googleadservices.com/pagead/managed/js/activeview/current/reach_worklet.html:0
[   19342ms] [ERROR] Attestation check for Shared Storage on https://www.googleadservices.com failed. @ https://www.googleadservices.com/pagead/managed/js/activeview/current/reach_worklet.html:0
[   20304ms] [ERROR] Attestation check for Shared Storage on https://www.googleadservices.com failed. @ https://www.googleadservices.com/pagead/managed/js/activeview/current/reach_worklet.html:0
[   20984ms] [ERROR] Attestation check for Shared Storage on https://www.googleadservices.com failed. @ https://www.googleadservices.com/pagead/managed/js/activeview/current/reach_worklet.html:0
[   19337ms] [ERROR] Attestation check for Shared Storage on https://www.googleadservices.com failed. @ https://www.googleadservices.com/pagead/managed/js/activeview/current/reach_worklet.html:0
[   19341ms] [ERROR] Attestation check for Shared Storage on https://www.googleadservices.com failed. @ https://www.googleadservices.com/pagead/managed/js/activeview/current/reach_worklet.html:0
[   19342ms] [ERROR] Attestation check for Shared Storage on https://www.googleadservices.com failed. @ https://www.googleadservices.com/pagead/managed/js/activeview/current/reach_worklet.html:0
[   20304ms] [ERROR] Attestation check for Shared Storage on https://www.googleadservices.com failed. @ https://www.googleadservices.com/pagead/managed/js/activeview/current/reach_worklet.html:0
[   20984ms] [ERROR] Attestation check for Shared Storage on https://www.googleadservices.com failed. @ https://www.googleadservices.com/pagead/managed/js/activeview/current/reach_worklet.html:0
[   19337ms] [ERROR] Attestation check for Shared Storage on https://www.googleadservices.com failed. @ https://www.googleadservices.com/pagead/managed/js/activeview/current/reach_worklet.html:0
[   19341ms] [ERROR] Attestation check for Shared Storage on https://www.googleadservices.com failed. @ https://www.googleadservices.com/pagead/managed/js/activeview/current/reach_worklet.html:0
[   19342ms] [ERROR] Attestation check for Shared Storage on https://www.googleadservices.com failed. @ https://www.googleadservices.com/pagead/managed/js/activeview/current/reach_worklet.html:0
[   20304ms] [ERROR] Attestation check for Shared Storage on https://www.googleadservices.com failed. @ https://www.googleadservices.com/pagead/managed/js/activeview/current/reach_worklet.html:0
[   20984ms] [ERROR] Attestation check for Shared Storage on https://www.googleadservices.com failed. @ https://www.googleadservices.com/pagead/managed/js/activeview/current/reach_worklet.html:0
[   21039ms] [ERROR] Attestation check for Shared Storage on https://www.googleadservices.com failed. @ https://www.googleadservices.com/pagead/managed/js/activeview/current/reach_worklet.html:0
[   21041ms] [ERROR] Attestation check for Shared Storage on https://www.googleadservices.com failed. @ https://www.googleadservices.com/pagead/managed/js/activeview/current/reach_worklet.html:0
[   21043ms] [ERROR] Attestation check for Shared Storage on https://www.googleadservices.com failed. @ https://www.googleadservices.com/pagead/managed/js/activeview/current/reach_worklet.html:0
[   21576ms] [ERROR] Attestation check for Attribution Reporting on https://ad.doubleclick.net failed. @ https://www.tellows.fr/num/%2B33948109063:0
[   22762ms] [ERROR] Attestation check for Attribution Reporting on https://ad.doubleclick.net failed. @ https://www.tellows.fr/num/%2B33948109063:0
[   24860ms] [ERROR] Failed to load resource: the server responded with a status of 400 () @ https://match.prod.bidr.io/cookie-sync/rp?bee_sync_partners=rp&gdpr_consent=CQhudUAQhudUAEsACBFRCYFoAP_gAEPgAAYgLAJB_C7NbSlD-LZ3aLsEcIhHR9hAYsQwAAaBg2ABTBKQpIwCgmEYFAyAFCACCAAAKCTBIQIkCAAAQUAAIAAFAABEAAyAIBAIIAAAgAEIAkBICAACCIAAEQCIAABEAkQAmAgAQIIASEQAgAAAAACBAAAAABCQAACAAAAARAEAAQAAQAAAgQAIiEAAAAAAQBAIAAAAIAAAAAAAAAAAAAAAAAgAAAAAAAAAABAAEAAACQAABBYRIP4XZraUo_xYK7BdghhEK6PsADFiGAADQMGwAKYJSFJGAUkwiQIkQAgQAAQAABASIJAAFAQEACAgAIAACoAAIgAGABAIBAAgAEAAhCEgIAAAAQRAAAiARAAAIgAiAESEACBBACQiAAAAABAAQIBAAAAISAAAAAAAACAAgAAQAGAAAEAABEQgAAAAAAAIBAgAABAAAAAAAAAAAAAAAAAAAAAAAAAAAAAAAAgAAAQAAAIgAA.ILCJB_C7NbSlH-LZ3aLsEcIhXR9hAYsQwAAaBg2ABTBKQpIwCkmEaFEyAFCACCAAAKCTBIQIsCAgAQUABIAAVAABEAAyAIBAIIEAAgAEIQkBICAACCIAAEQCIAABEAkQAmQgAQIIASEQAgAAAIACBAIAAABCQAACAAAAARAEAASAAwAAAgQAIiEAAAAAAQBAIEAAAIAAAAAAAAAAAAAAAAAgAAAAAAAAAABAAEAAACQAABE.f9AAACgAAAA&gdpr=1:0
