[     899ms] [LOG] %c __                                               _____          __          __           ______          v1.0.0
/\ \       __                                    /\  __`\       /\ \      __/\ \__       /\__  _\                       
\ \ \     /\_\    ___      __     __     _ __    \ \ \/\ \  _ __\ \ \____/\_\ \ ,_\      \/_/\ \/     ___     ___       
 \ \ \  __\/\ \ /' _ `\  /'__`\ /'__`\  /\`'__\   \ \ \ \ \/\`'__\ \ '__`\/\ \ \ \/         \ \ \   /' _ `\  /'___\     
  \ \ \L\ \\ \ \/\ \/\ \/\  __//\ \L\.\_\ \ \/     \ \ \_\ \ \ \/ \ \ \L\ \ \ \ \ \_  __     \_\ \__/\ \/\ \/\ \__/  __ 
   \ \____/ \ \_\ \_\ \_\ \____\ \__/.\_\\ \_\      \ \_____\ \_\  \ \_,__/\ \_\ \__\/\ \    /\_____\ \_\ \_\ \____\/\_\
    \/___/   \/_/\/_/\/_/\/____/\/__/\/_/ \/_/       \/_____/\/_/   \/___/  \/_/\/__/\ \/    \/_____/\/_/\/_/\/____/\/_/
                                                                                      \/

The product development system for teams and agents

WE'RE HIRING: https://linear.app/careers
CHANGELOG:    https://linear.app/changelog
 
  font-family: monospace;
  color: #282A30;
   @ https://static.linear.app/web/_next/static/chunks/75438-e410289732a5da71.js:0
[    6931ms] [WARNING] The resource https://static.linear.app/web/_next/static/css/fc8bf745806a3a89.css was preloaded using link preload but not used within a few seconds from the window's load event. Please make sure it has an appropriate `as` value and it is preloaded intentionally. @ https://linear.app/:0
[    6931ms] [WARNING] The resource https://static.linear.app/web/_next/static/css/62520cb74ac481bd.css was preloaded using link preload but not used within a few seconds from the window's load event. Please make sure it has an appropriate `as` value and it is preloaded intentionally. @ https://linear.app/:0
[    6931ms] [WARNING] The resource https://static.linear.app/web/_next/static/css/cba40f0fcd473f4a.css was preloaded using link preload but not used within a few seconds from the window's load event. Please make sure it has an appropriate `as` value and it is preloaded intentionally. @ https://linear.app/:0
[    6931ms] [WARNING] The resource https://static.linear.app/web/_next/static/css/6a943a69bb849652.css was preloaded using link preload but not used within a few seconds from the window's load event. Please make sure it has an appropriate `as` value and it is preloaded intentionally. @ https://linear.app/:0
[    6931ms] [WARNING] The resource https://static.linear.app/web/_next/static/css/da6ef6a8b0c905e1.css was preloaded using link preload but not used within a few seconds from the window's load event. Please make sure it has an appropriate `as` value and it is preloaded intentionally. @ https://linear.app/:0
[   16551ms] [WARNING] The resource https://static.linear.app/web/_next/static/css/fc8bf745806a3a89.css was preloaded using link preload but not used within a few seconds from the window's load event. Please make sure it has an appropriate `as` value and it is preloaded intentionally. @ https://linear.app/:0
[   16551ms] [WARNING] The resource https://static.linear.app/web/_next/static/css/62520cb74ac481bd.css was preloaded using link preload but not used within a few seconds from the window's load event. Please make sure it has an appropriate `as` value and it is preloaded intentionally. @ https://linear.app/:0
[   16551ms] [WARNING] The resource https://static.linear.app/web/_next/static/css/ee17b53406de3ac6.css was preloaded using link preload but not used within a few seconds from the window's load event. Please make sure it has an appropriate `as` value and it is preloaded intentionally. @ https://linear.app/:0
[   16551ms] [WARNING] The resource https://static.linear.app/web/_next/static/css/7d966e9e27697340.css was preloaded using link preload but not used within a few seconds from the window's load event. Please make sure it has an appropriate `as` value and it is preloaded intentionally. @ https://linear.app/:0
[   16551ms] [WARNING] The resource https://static.linear.app/web/_next/static/css/cba40f0fcd473f4a.css was preloaded using link preload but not used within a few seconds from the window's load event. Please make sure it has an appropriate `as` value and it is preloaded intentionally. @ https://linear.app/:0
[   16551ms] [WARNING] The resource https://static.linear.app/web/_next/static/css/6a943a69bb849652.css was preloaded using link preload but not used within a few seconds from the window's load event. Please make sure it has an appropriate `as` value and it is preloaded intentionally. @ https://linear.app/:0
[   16551ms] [WARNING] The resource https://static.linear.app/web/_next/static/css/da6ef6a8b0c905e1.css was preloaded using link preload but not used within a few seconds from the window's load event. Please make sure it has an appropriate `as` value and it is preloaded intentionally. @ https://linear.app/:0
[   63880ms] [WARNING] The resource https://static.linear.app/web/_next/static/css/fc8bf745806a3a89.css was preloaded using link preload but not used within a few seconds from the window's load event. Please make sure it has an appropriate `as` value and it is preloaded intentionally. @ https://linear.app/:0
[   63880ms] [WARNING] The resource https://static.linear.app/web/_next/static/css/62520cb74ac481bd.css was preloaded using link preload but not used within a few seconds from the window's load event. Please make sure it has an appropriate `as` value and it is preloaded intentionally. @ https://linear.app/:0
[   63880ms] [WARNING] The resource https://static.linear.app/web/_next/static/css/ee17b53406de3ac6.css was preloaded using link preload but not used within a few seconds from the window's load event. Please make sure it has an appropriate `as` value and it is preloaded intentionally. @ https://linear.app/:0
[   63880ms] [WARNING] The resource https://static.linear.app/web/_next/static/css/7d966e9e27697340.css was preloaded using link preload but not used within a few seconds from the window's load event. Please make sure it has an appropriate `as` value and it is preloaded intentionally. @ https://linear.app/:0
[   63880ms] [WARNING] The resource https://static.linear.app/web/_next/static/css/cba40f0fcd473f4a.css was preloaded using link preload but not used within a few seconds from the window's load event. Please make sure it has an appropriate `as` value and it is preloaded intentionally. @ https://linear.app/:0
[   63880ms] [WARNING] The resource https://static.linear.app/web/_next/static/css/6a943a69bb849652.css was preloaded using link preload but not used within a few seconds from the window's load event. Please make sure it has an appropriate `as` value and it is preloaded intentionally. @ https://linear.app/:0
[   63880ms] [WARNING] The resource https://static.linear.app/web/_next/static/css/da6ef6a8b0c905e1.css was preloaded using link preload but not used within a few seconds from the window's load event. Please make sure it has an appropriate `as` value and it is preloaded intentionally. @ https://linear.app/:0
[  123893ms] [WARNING] The resource https://static.linear.app/web/_next/static/css/fc8bf745806a3a89.css was preloaded using link preload but not used within a few seconds from the window's load event. Please make sure it has an appropriate `as` value and it is preloaded intentionally. @ https://linear.app/:0
[  123893ms] [WARNING] The resource https://static.linear.app/web/_next/static/css/62520cb74ac481bd.css was preloaded using link preload but not used within a few seconds from the window's load event. Please make sure it has an appropriate `as` value and it is preloaded intentionally. @ https://linear.app/:0
[  123893ms] [WARNING] The resource https://static.linear.app/web/_next/static/css/ee17b53406de3ac6.css was preloaded using link preload but not used within a few seconds from the window's load event. Please make sure it has an appropriate `as` value and it is preloaded intentionally. @ https://linear.app/:0
[  123893ms] [WARNING] The resource https://static.linear.app/web/_next/static/css/7d966e9e27697340.css was preloaded using link preload but not used within a few seconds from the window's load event. Please make sure it has an appropriate `as` value and it is preloaded intentionally. @ https://linear.app/:0
[  123893ms] [WARNING] The resource https://static.linear.app/web/_next/static/css/cba40f0fcd473f4a.css was preloaded using link preload but not used within a few seconds from the window's load event. Please make sure it has an appropriate `as` value and it is preloaded intentionally. @ https://linear.app/:0
[  123893ms] [WARNING] The resource https://static.linear.app/web/_next/static/css/6a943a69bb849652.css was preloaded using link preload but not used within a few seconds from the window's load event. Please make sure it has an appropriate `as` value and it is preloaded intentionally. @ https://linear.app/:0
[  123893ms] [WARNING] The resource https://static.linear.app/web/_next/static/css/da6ef6a8b0c905e1.css was preloaded using link preload but not used within a few seconds from the window's load event. Please make sure it has an appropriate `as` value and it is preloaded intentionally. @ https://linear.app/:0
